This file contains any messages produced by compilers while
running configure, to aid debugging if configure makes a mistake.

It was created by configure, which was
generated by GNU Autoconf 2.61.  Invocation command line was

  $ ./configure --prefix=/opt/fem/AM335X/install/sdl --host=arm-linux --target=arm-linux --disable-debug --disable-cdrom --enable-threads --enable-timers --enable-endian --enable-file --enable-oss --disable-alsa --disable-esd --disable-arts --disable-diskaudio --disable-nas --disable-esd-shared --disable-esdtest --disable-mintaudio --disable-nasm --disable-video-x11 --disable-video-dga --enable-video-fbcon --enable-video-directfb --disable-video-ps2gs --disable-video-xbios --disable-video-gem --enable-video-opengl --disable-input-events --disable-input-tslib --enable-pthreads --enable-video-qtopia --enable-dlopen --disable-directx --disable-stdio-redirect CC=arm-arago-linux-gnueabi-gcc

## --------- ##
## Platform. ##
## --------- ##

hostname = QJ
uname -m = x86_64
uname -r = 3.11.0-20-generic
uname -s = Linux
uname -v = #34~precise1-Ubuntu SMP Thu Apr 3 17:25:07 UTC 2014

/usr/bin/uname -p = unknown
/bin/uname -X     = unknown

/bin/arch              = unknown
/usr/bin/arch -k       = unknown
/usr/convex/getsysinfo = unknown
/usr/bin/hostinfo      = unknown
/bin/machine           = unknown
/usr/bin/oslevel       = unknown
/bin/universe          = unknown

PATH: /usr/local/sbin
PATH: /usr/local/bin
PATH: /usr/sbin
PATH: /usr/bin
PATH: /sbin
PATH: /bin
PATH: /usr/games
PATH: /opt/cross/arm-linux/bin
PATH: /opt/cross/am335xt3/devkit/bin


## ----------- ##
## Core tests. ##
## ----------- ##

configure:2136: checking build system type
configure:2154: result: x86_64-unknown-linux-gnu
configure:2176: checking host system type
configure:2191: result: arm-unknown-linux-gnu
configure:2221: checking for arm-linux-gcc
configure:2248: result: arm-arago-linux-gnueabi-gcc
configure:2526: checking for C compiler version
configure:2533: arm-arago-linux-gnueabi-gcc --version >&5
arm-arago-linux-gnueabi-gcc (GCC) 4.5.3 20110311 (prerelease)
Copyright (C) 2010 Free Software Foundation, Inc.
This is free software; see the source for copying conditions.  There is NO
warranty; not even for MERCHANTABILITY or FITNESS FOR A PARTICULAR PURPOSE.

configure:2536: $? = 0
configure:2543: arm-arago-linux-gnueabi-gcc -v >&5
Using built-in specs.
COLLECT_GCC=arm-arago-linux-gnueabi-gcc
Target: arm-arago-linux-gnueabi
Configured with: /sim/scratch_a0850442/arago-tmp-arago/work/i686-armv7a-sdk-arago-linux-gnueabi/gcc-cross-sdk-4.5-r41.2+svnr170880/gcc-4_5-branch/configure --build=i686-linux --host=i686-linux --target=arm-arago-linux-gnueabi --prefix=/arago-2011.09/armv7a --exec_prefix=/arago-2011.09/armv7a --bindir=/arago-2011.09/armv7a/bin --sbindir=/arago-2011.09/armv7a/bin --libexecdir=/arago-2011.09/armv7a/libexec --datadir=/arago-2011.09/armv7a/share --sysconfdir=/arago-2011.09/armv7a/etc --sharedstatedir=/arago-2011.09/armv7a/share/com --localstatedir=/arago-2011.09/armv7a/var --libdir=/arago-2011.09/armv7a/lib --includedir=/arago-2011.09/armv7a/include --oldincludedir=/arago-2011.09/armv7a/include --infodir=/arago-2011.09/armv7a/share/info --mandir=/arago-2011.09/armv7a/share/man --enable-largefile --disable-nls --enable-ipv6 --with-gnu-ld --enable-shared --enable-languages=c,c++,objc,fortran --enable-threads=posix --disable-multilib --enable-c99 --enable-long-long --enable-symvers=gnu --enable-libstdcxx-pch --program-prefix=arm-arago-linux-gnueabi- --enable-target-optspace --enable-lto --enable-libssp --disable-bootstrap --disable-libgomp --disable-libmudflap --with-float=softfp --with-sysroot=/arago-2011.09/armv7a/arm-arago-linux-gnueabi --with-build-time-tools=/sim/scratch_a0850442/arago-tmp-arago/sysroots/i686-linux/usr/armv7a/arm-arago-linux-gnueabi/bin --with-build-sysroot=/sim/scratch_a0850442/arago-tmp-arago/sysroots/armv7a-arago-linux-gnueabi --disable-libunwind-exceptions --with-mpfr=/sim/scratch_a0850442/arago-tmp-arago/sysroots/i686-linux/usr --with-system-zlib --enable-__cxa_atexit
Thread model: posix
gcc version 4.5.3 20110311 (prerelease) (GCC)
configure:2546: $? = 0
configure:2553: arm-arago-linux-gnueabi-gcc -V >&5
arm-arago-linux-gnueabi-gcc: '-V' option must have argument
configure:2556: $? = 1
configure:2579: checking for C compiler default output file name
configure:2606: arm-arago-linux-gnueabi-gcc -I/opt/fem/common	  -L/opt/fem/common -lfem conftest.c  >&5
configure:2609: $? = 0
configure:2647: result: a.out
configure:2664: checking whether the C compiler works
configure:2674: ./a.out
./configure: line 2675: ./a.out: cannot execute binary file
configure:2677: $? = 126
configure:2694: result: yes
configure:2701: checking whether we are cross compiling
configure:2703: result: yes
configure:2706: checking for suffix of executables
configure:2713: arm-arago-linux-gnueabi-gcc -o conftest -I/opt/fem/common	  -L/opt/fem/common -lfem conftest.c  >&5
configure:2716: $? = 0
configure:2740: result:
configure:2746: checking for suffix of object files
configure:2772: arm-arago-linux-gnueabi-gcc -c -I/opt/fem/common	  conftest.c >&5
configure:2775: $? = 0
configure:2798: result: o
configure:2802: checking whether we are using the GNU C compiler
configure:2831: arm-arago-linux-gnueabi-gcc -c -I/opt/fem/common	  conftest.c >&5
configure:2837: $? = 0
configure:2854: result: yes
configure:2859: checking whether arm-arago-linux-gnueabi-gcc accepts -g
configure:2889: arm-arago-linux-gnueabi-gcc -c -g  conftest.c >&5
configure:2895: $? = 0
configure:2994: result: yes
configure:3011: checking for arm-arago-linux-gnueabi-gcc option to accept ISO C89
configure:3085: arm-arago-linux-gnueabi-gcc  -c -I/opt/fem/common	  conftest.c >&5
configure:3091: $? = 0
configure:3114: result: none needed
configure:3132: checking for a sed that does not truncate output
configure:3211: result: /bin/sed
configure:3229: checking for grep that handles long lines and -e
configure:3303: result: /bin/grep
configure:3308: checking for egrep
configure:3386: result: /bin/grep -E
configure:3391: checking for fgrep
configure:3469: result: /bin/grep -F
configure:3504: checking for ld used by arm-arago-linux-gnueabi-gcc
configure:3571: result: arm-arago-linux-gnueabi-ld
configure:3580: checking if the linker (arm-arago-linux-gnueabi-ld) is GNU ld
configure:3595: result: yes
configure:3607: checking for BSD- or MS-compatible name lister (nm)
configure:3656: result: arm-arago-linux-gnueabi-nm
configure:3778: checking the name lister (arm-arago-linux-gnueabi-nm) interface
configure:3785: arm-arago-linux-gnueabi-gcc -c -I/opt/fem/common	  conftest.c >&5
configure:3788: arm-arago-linux-gnueabi-nm "conftest.o"
configure:3791: output
00000000 B some_variable
configure:3798: result: BSD nm
configure:3801: checking whether ln -s works
configure:3805: result: yes
configure:3813: checking the maximum length of command line arguments
configure:3939: result: 3458764513820540925
configure:3956: checking whether the shell understands some XSI constructs
configure:3966: result: yes
configure:3970: checking whether the shell understands "+="
configure:3976: result: yes
configure:4011: checking for arm-arago-linux-gnueabi-ld option to reload object files
configure:4018: result: -r
configure:4047: checking for arm-linux-objdump
configure:4063: found /opt/cross/arm-linux/bin/arm-linux-objdump
configure:4074: result: arm-linux-objdump
configure:4147: checking how to recognize dependent libraries
configure:4345: result: pass_all
configure:4365: checking for arm-linux-ar
configure:4392: result: arm-arago-linux-gnueabi-ar
configure:4474: checking for arm-linux-strip
configure:4501: result: arm-arago-linux-gnueabi-strip
configure:4577: checking for arm-linux-ranlib
configure:4604: result: arm-arago-linux-gnueabi-ranlib
configure:4738: checking command to parse arm-arago-linux-gnueabi-nm output from arm-arago-linux-gnueabi-gcc object
configure:4856: arm-arago-linux-gnueabi-gcc -c -I/opt/fem/common	  conftest.c >&5
configure:4859: $? = 0
configure:4863: arm-arago-linux-gnueabi-nm conftest.o \| sed -n -e 's/^.*[	 ]\([ABCDGIRSTW][ABCDGIRSTW]*\)[	 ][	 ]*\([_A-Za-z][_A-Za-z0-9]*\)$/\1 \2 \2/p' \> conftest.nm
configure:4866: $? = 0
configure:4920: arm-arago-linux-gnueabi-gcc -o conftest -I/opt/fem/common	  -L/opt/fem/common -lfem conftest.c conftstm.o >&5
configure:4923: $? = 0
configure:4961: result: ok
configure:5840: checking how to run the C preprocessor
configure:5880: arm-arago-linux-gnueabi-gcc -E  conftest.c
configure:5886: $? = 0
configure:5917: arm-arago-linux-gnueabi-gcc -E  conftest.c
conftest.c:9:28: fatal error: ac_nonexistent.h: No such file or directory
compilation terminated.
configure:5923: $? = 1
configure: failed program was:
| /* confdefs.h.  */
| #define PACKAGE_NAME ""
| #define PACKAGE_TARNAME ""
| #define PACKAGE_VERSION ""
| #define PACKAGE_STRING ""
| #define PACKAGE_BUGREPORT ""
| #define _GNU_SOURCE 1
| /* end confdefs.h.  */
| #include <ac_nonexistent.h>
configure:5956: result: arm-arago-linux-gnueabi-gcc -E
configure:5985: arm-arago-linux-gnueabi-gcc -E  conftest.c
configure:5991: $? = 0
configure:6022: arm-arago-linux-gnueabi-gcc -E  conftest.c
conftest.c:9:28: fatal error: ac_nonexistent.h: No such file or directory
compilation terminated.
configure:6028: $? = 1
configure: failed program was:
| /* confdefs.h.  */
| #define PACKAGE_NAME ""
| #define PACKAGE_TARNAME ""
| #define PACKAGE_VERSION ""
| #define PACKAGE_STRING ""
| #define PACKAGE_BUGREPORT ""
| #define _GNU_SOURCE 1
| /* end confdefs.h.  */
| #include <ac_nonexistent.h>
configure:6066: checking for ANSI C header files
configure:6096: arm-arago-linux-gnueabi-gcc -c -I/opt/fem/common	  conftest.c >&5
configure:6102: $? = 0
configure:6230: result: yes
configure:6254: checking for sys/types.h
configure:6275: arm-arago-linux-gnueabi-gcc -c -I/opt/fem/common	  conftest.c >&5
configure:6281: $? = 0
configure:6297: result: yes
configure:6254: checking for sys/stat.h
configure:6275: arm-arago-linux-gnueabi-gcc -c -I/opt/fem/common	  conftest.c >&5
configure:6281: $? = 0
configure:6297: result: yes
configure:6254: checking for stdlib.h
configure:6275: arm-arago-linux-gnueabi-gcc -c -I/opt/fem/common	  conftest.c >&5
configure:6281: $? = 0
configure:6297: result: yes
configure:6254: checking for string.h
configure:6275: arm-arago-linux-gnueabi-gcc -c -I/opt/fem/common	  conftest.c >&5
configure:6281: $? = 0
configure:6297: result: yes
configure:6254: checking for memory.h
configure:6275: arm-arago-linux-gnueabi-gcc -c -I/opt/fem/common	  conftest.c >&5
configure:6281: $? = 0
configure:6297: result: yes
configure:6254: checking for strings.h
configure:6275: arm-arago-linux-gnueabi-gcc -c -I/opt/fem/common	  conftest.c >&5
configure:6281: $? = 0
configure:6297: result: yes
configure:6254: checking for inttypes.h
configure:6275: arm-arago-linux-gnueabi-gcc -c -I/opt/fem/common	  conftest.c >&5
configure:6281: $? = 0
configure:6297: result: yes
configure:6254: checking for stdint.h
configure:6275: arm-arago-linux-gnueabi-gcc -c -I/opt/fem/common	  conftest.c >&5
configure:6281: $? = 0
configure:6297: result: yes
configure:6254: checking for unistd.h
configure:6275: arm-arago-linux-gnueabi-gcc -c -I/opt/fem/common	  conftest.c >&5
configure:6281: $? = 0
configure:6297: result: yes
configure:6313: checking for dlfcn.h
configure:6334: arm-arago-linux-gnueabi-gcc -c -I/opt/fem/common	  conftest.c >&5
configure:6340: $? = 0
configure:6356: result: yes
configure:6850: checking for objdir
configure:6865: result: .libs
configure:7161: checking if arm-arago-linux-gnueabi-gcc supports -fno-rtti -fno-exceptions
configure:7179: arm-arago-linux-gnueabi-gcc -c -I/opt/fem/common	  -fno-rtti -fno-exceptions conftest.c >&5
cc1: warning: command line option "-fno-rtti" is valid for C++/ObjC++ but not for C
configure:7183: $? = 0
configure:7196: result: no
configure:7216: checking for arm-arago-linux-gnueabi-gcc option to produce PIC
configure:7488: result: -fPIC -DPIC
configure:7500: checking if arm-arago-linux-gnueabi-gcc PIC flag -fPIC -DPIC works
configure:7518: arm-arago-linux-gnueabi-gcc -c -I/opt/fem/common	  -fPIC -DPIC -DPIC conftest.c >&5
configure:7522: $? = 0
configure:7535: result: yes
configure:7559: checking if arm-arago-linux-gnueabi-gcc static flag -static works
configure:7587: result: yes
configure:7602: checking if arm-arago-linux-gnueabi-gcc supports -c -o file.o
configure:7623: arm-arago-linux-gnueabi-gcc -c -I/opt/fem/common	  -o out/conftest2.o conftest.c >&5
configure:7627: $? = 0
configure:7649: result: yes
configure:7657: checking if arm-arago-linux-gnueabi-gcc supports -c -o file.o
configure:7704: result: yes
configure:7737: checking whether the arm-arago-linux-gnueabi-gcc linker (arm-arago-linux-gnueabi-ld) supports shared libraries
configure:8799: result: yes
configure:8836: checking whether -lc should be explicitly linked in
configure:8841: arm-arago-linux-gnueabi-gcc -c -I/opt/fem/common	  conftest.c >&5
configure:8844: $? = 0
configure:8859: arm-arago-linux-gnueabi-gcc -shared conftest.o  -v -Wl,-soname -Wl,conftest -o conftest 2\>\&1 \| /bin/grep  -lc  \>/dev/null 2\>\&1
configure:8862: $? = 0
configure:8874: result: no
configure:9038: checking dynamic linker characteristics
configure:9483: arm-arago-linux-gnueabi-gcc -o conftest -I/opt/fem/common	  -L/opt/fem/common -lfem -Wl,-rpath -Wl,/foo conftest.c  >&5
configure:9489: $? = 0
configure:9719: result: GNU/Linux ld.so
configure:9821: checking how to hardcode library paths into programs
configure:9846: result: immediate
configure:10651: checking whether stripping libraries is possible
configure:10656: result: yes
configure:10691: checking if libtool supports shared libraries
configure:10693: result: yes
configure:10696: checking whether to build shared libraries
configure:10717: result: yes
configure:10720: checking whether to build static libraries
configure:10724: result: yes
configure:10802: checking whether byte ordering is bigendian
configure:10835: arm-arago-linux-gnueabi-gcc -c -I/opt/fem/common	  conftest.c >&5
configure:10841: $? = 0
configure:10873: arm-arago-linux-gnueabi-gcc -c -I/opt/fem/common	  conftest.c >&5
conftest.c: In function 'main':
conftest.c:28:2: error: 'not' undeclared (first use in this function)
conftest.c:28:2: note: each undeclared identifier is reported only once for each function it appears in
conftest.c:28:6: error: expected ';' before 'big'
configure:10879: $? = 1
configure: failed program was:
| /* confdefs.h.  */
| #define PACKAGE_NAME ""
| #define PACKAGE_TARNAME ""
| #define PACKAGE_VERSION ""
| #define PACKAGE_STRING ""
| #define PACKAGE_BUGREPORT ""
| #define _GNU_SOURCE 1
| #define STDC_HEADERS 1
| #define HAVE_SYS_TYPES_H 1
| #define HAVE_SYS_STAT_H 1
| #define HAVE_STDLIB_H 1
| #define HAVE_STRING_H 1
| #define HAVE_MEMORY_H 1
| #define HAVE_STRINGS_H 1
| #define HAVE_INTTYPES_H 1
| #define HAVE_STDINT_H 1
| #define HAVE_UNISTD_H 1
| #define HAVE_DLFCN_H 1
| #define LT_OBJDIR ".libs/"
| /* end confdefs.h.  */
| #include <sys/types.h>
| #include <sys/param.h>
|
| int
| main ()
| {
| #if BYTE_ORDER != BIG_ENDIAN
|  not big endian
| #endif
|
|   ;
|   return 0;
| }
configure:11019: result: no
configure:11059: checking for arm-linux-gcc
configure:11086: result: arm-arago-linux-gnueabi-gcc
configure:11364: checking for C compiler version
configure:11371: arm-arago-linux-gnueabi-gcc --version >&5
arm-arago-linux-gnueabi-gcc (GCC) 4.5.3 20110311 (prerelease)
Copyright (C) 2010 Free Software Foundation, Inc.
This is free software; see the source for copying conditions.  There is NO
warranty; not even for MERCHANTABILITY or FITNESS FOR A PARTICULAR PURPOSE.

configure:11374: $? = 0
configure:11381: arm-arago-linux-gnueabi-gcc -v >&5
Using built-in specs.
COLLECT_GCC=arm-arago-linux-gnueabi-gcc
Target: arm-arago-linux-gnueabi
Configured with: /sim/scratch_a0850442/arago-tmp-arago/work/i686-armv7a-sdk-arago-linux-gnueabi/gcc-cross-sdk-4.5-r41.2+svnr170880/gcc-4_5-branch/configure --build=i686-linux --host=i686-linux --target=arm-arago-linux-gnueabi --prefix=/arago-2011.09/armv7a --exec_prefix=/arago-2011.09/armv7a --bindir=/arago-2011.09/armv7a/bin --sbindir=/arago-2011.09/armv7a/bin --libexecdir=/arago-2011.09/armv7a/libexec --datadir=/arago-2011.09/armv7a/share --sysconfdir=/arago-2011.09/armv7a/etc --sharedstatedir=/arago-2011.09/armv7a/share/com --localstatedir=/arago-2011.09/armv7a/var --libdir=/arago-2011.09/armv7a/lib --includedir=/arago-2011.09/armv7a/include --oldincludedir=/arago-2011.09/armv7a/include --infodir=/arago-2011.09/armv7a/share/info --mandir=/arago-2011.09/armv7a/share/man --enable-largefile --disable-nls --enable-ipv6 --with-gnu-ld --enable-shared --enable-languages=c,c++,objc,fortran --enable-threads=posix --disable-multilib --enable-c99 --enable-long-long --enable-symvers=gnu --enable-libstdcxx-pch --program-prefix=arm-arago-linux-gnueabi- --enable-target-optspace --enable-lto --enable-libssp --disable-bootstrap --disable-libgomp --disable-libmudflap --with-float=softfp --with-sysroot=/arago-2011.09/armv7a/arm-arago-linux-gnueabi --with-build-time-tools=/sim/scratch_a0850442/arago-tmp-arago/sysroots/i686-linux/usr/armv7a/arm-arago-linux-gnueabi/bin --with-build-sysroot=/sim/scratch_a0850442/arago-tmp-arago/sysroots/armv7a-arago-linux-gnueabi --disable-libunwind-exceptions --with-mpfr=/sim/scratch_a0850442/arago-tmp-arago/sysroots/i686-linux/usr --with-system-zlib --enable-__cxa_atexit
Thread model: posix
gcc version 4.5.3 20110311 (prerelease) (GCC)
configure:11384: $? = 0
configure:11391: arm-arago-linux-gnueabi-gcc -V >&5
arm-arago-linux-gnueabi-gcc: '-V' option must have argument
configure:11394: $? = 1
configure:11397: checking whether we are using the GNU C compiler
configure:11449: result: yes
configure:11454: checking whether arm-arago-linux-gnueabi-gcc accepts -g
configure:11589: result: yes
configure:11606: checking for arm-arago-linux-gnueabi-gcc option to accept ISO C89
configure:11709: result: none needed
configure:11843: checking for C++ compiler version
configure:11850: arm-arago-linux-gnueabi-g++ --version >&5
arm-arago-linux-gnueabi-g++ (GCC) 4.5.3 20110311 (prerelease)
Copyright (C) 2010 Free Software Foundation, Inc.
This is free software; see the source for copying conditions.  There is NO
warranty; not even for MERCHANTABILITY or FITNESS FOR A PARTICULAR PURPOSE.

configure:11853: $? = 0
configure:11860: arm-arago-linux-gnueabi-g++ -v >&5
Using built-in specs.
COLLECT_GCC=arm-arago-linux-gnueabi-g++
Target: arm-arago-linux-gnueabi
Configured with: /sim/scratch_a0850442/arago-tmp-arago/work/i686-armv7a-sdk-arago-linux-gnueabi/gcc-cross-sdk-4.5-r41.2+svnr170880/gcc-4_5-branch/configure --build=i686-linux --host=i686-linux --target=arm-arago-linux-gnueabi --prefix=/arago-2011.09/armv7a --exec_prefix=/arago-2011.09/armv7a --bindir=/arago-2011.09/armv7a/bin --sbindir=/arago-2011.09/armv7a/bin --libexecdir=/arago-2011.09/armv7a/libexec --datadir=/arago-2011.09/armv7a/share --sysconfdir=/arago-2011.09/armv7a/etc --sharedstatedir=/arago-2011.09/armv7a/share/com --localstatedir=/arago-2011.09/armv7a/var --libdir=/arago-2011.09/armv7a/lib --includedir=/arago-2011.09/armv7a/include --oldincludedir=/arago-2011.09/armv7a/include --infodir=/arago-2011.09/armv7a/share/info --mandir=/arago-2011.09/armv7a/share/man --enable-largefile --disable-nls --enable-ipv6 --with-gnu-ld --enable-shared --enable-languages=c,c++,objc,fortran --enable-threads=posix --disable-multilib --enable-c99 --enable-long-long --enable-symvers=gnu --enable-libstdcxx-pch --program-prefix=arm-arago-linux-gnueabi- --enable-target-optspace --enable-lto --enable-libssp --disable-bootstrap --disable-libgomp --disable-libmudflap --with-float=softfp --with-sysroot=/arago-2011.09/armv7a/arm-arago-linux-gnueabi --with-build-time-tools=/sim/scratch_a0850442/arago-tmp-arago/sysroots/i686-linux/usr/armv7a/arm-arago-linux-gnueabi/bin --with-build-sysroot=/sim/scratch_a0850442/arago-tmp-arago/sysroots/armv7a-arago-linux-gnueabi --disable-libunwind-exceptions --with-mpfr=/sim/scratch_a0850442/arago-tmp-arago/sysroots/i686-linux/usr --with-system-zlib --enable-__cxa_atexit
Thread model: posix
gcc version 4.5.3 20110311 (prerelease) (GCC)
configure:11863: $? = 0
configure:11870: arm-arago-linux-gnueabi-g++ -V >&5
arm-arago-linux-gnueabi-g++: '-V' option must have argument
configure:11873: $? = 1
configure:11876: checking whether we are using the GNU C++ compiler
configure:11905: arm-arago-linux-gnueabi-g++ -c   conftest.cpp >&5
configure:11911: $? = 0
configure:11928: result: yes
configure:11933: checking whether arm-arago-linux-gnueabi-g++ accepts -g
configure:11963: arm-arago-linux-gnueabi-g++ -c -g  conftest.cpp >&5
configure:11969: $? = 0
configure:12068: result: yes
configure:12208: checking for C++ compiler version
configure:12215: arm-arago-linux-gnueabi-g++ --version >&5
arm-arago-linux-gnueabi-g++ (GCC) 4.5.3 20110311 (prerelease)
Copyright (C) 2010 Free Software Foundation, Inc.
This is free software; see the source for copying conditions.  There is NO
warranty; not even for MERCHANTABILITY or FITNESS FOR A PARTICULAR PURPOSE.

configure:12218: $? = 0
configure:12225: arm-arago-linux-gnueabi-g++ -v >&5
Using built-in specs.
COLLECT_GCC=arm-arago-linux-gnueabi-g++
Target: arm-arago-linux-gnueabi
Configured with: /sim/scratch_a0850442/arago-tmp-arago/work/i686-armv7a-sdk-arago-linux-gnueabi/gcc-cross-sdk-4.5-r41.2+svnr170880/gcc-4_5-branch/configure --build=i686-linux --host=i686-linux --target=arm-arago-linux-gnueabi --prefix=/arago-2011.09/armv7a --exec_prefix=/arago-2011.09/armv7a --bindir=/arago-2011.09/armv7a/bin --sbindir=/arago-2011.09/armv7a/bin --libexecdir=/arago-2011.09/armv7a/libexec --datadir=/arago-2011.09/armv7a/share --sysconfdir=/arago-2011.09/armv7a/etc --sharedstatedir=/arago-2011.09/armv7a/share/com --localstatedir=/arago-2011.09/armv7a/var --libdir=/arago-2011.09/armv7a/lib --includedir=/arago-2011.09/armv7a/include --oldincludedir=/arago-2011.09/armv7a/include --infodir=/arago-2011.09/armv7a/share/info --mandir=/arago-2011.09/armv7a/share/man --enable-largefile --disable-nls --enable-ipv6 --with-gnu-ld --enable-shared --enable-languages=c,c++,objc,fortran --enable-threads=posix --disable-multilib --enable-c99 --enable-long-long --enable-symvers=gnu --enable-libstdcxx-pch --program-prefix=arm-arago-linux-gnueabi- --enable-target-optspace --enable-lto --enable-libssp --disable-bootstrap --disable-libgomp --disable-libmudflap --with-float=softfp --with-sysroot=/arago-2011.09/armv7a/arm-arago-linux-gnueabi --with-build-time-tools=/sim/scratch_a0850442/arago-tmp-arago/sysroots/i686-linux/usr/armv7a/arm-arago-linux-gnueabi/bin --with-build-sysroot=/sim/scratch_a0850442/arago-tmp-arago/sysroots/armv7a-arago-linux-gnueabi --disable-libunwind-exceptions --with-mpfr=/sim/scratch_a0850442/arago-tmp-arago/sysroots/i686-linux/usr --with-system-zlib --enable-__cxa_atexit
Thread model: posix
gcc version 4.5.3 20110311 (prerelease) (GCC)
configure:12228: $? = 0
configure:12235: arm-arago-linux-gnueabi-g++ -V >&5
arm-arago-linux-gnueabi-g++: '-V' option must have argument
configure:12238: $? = 1
configure:12241: checking whether we are using the GNU C++ compiler
configure:12293: result: yes
configure:12298: checking whether arm-arago-linux-gnueabi-g++ accepts -g
configure:12433: result: yes
configure:12464: checking how to run the C++ preprocessor
configure:12500: arm-arago-linux-gnueabi-g++ -E  conftest.cpp
configure:12506: $? = 0
configure:12537: arm-arago-linux-gnueabi-g++ -E  conftest.cpp
conftest.cpp:22:28: fatal error: ac_nonexistent.h: No such file or directory
compilation terminated.
configure:12543: $? = 1
configure: failed program was:
| /* confdefs.h.  */
| #define PACKAGE_NAME ""
| #define PACKAGE_TARNAME ""
| #define PACKAGE_VERSION ""
| #define PACKAGE_STRING ""
| #define PACKAGE_BUGREPORT ""
| #define _GNU_SOURCE 1
| #define STDC_HEADERS 1
| #define HAVE_SYS_TYPES_H 1
| #define HAVE_SYS_STAT_H 1
| #define HAVE_STDLIB_H 1
| #define HAVE_STRING_H 1
| #define HAVE_MEMORY_H 1
| #define HAVE_STRINGS_H 1
| #define HAVE_INTTYPES_H 1
| #define HAVE_STDINT_H 1
| #define HAVE_UNISTD_H 1
| #define HAVE_DLFCN_H 1
| #define LT_OBJDIR ".libs/"
| #define SDL_BYTEORDER 1234
| /* end confdefs.h.  */
| #include <ac_nonexistent.h>
configure:12576: result: arm-arago-linux-gnueabi-g++ -E
configure:12605: arm-arago-linux-gnueabi-g++ -E  conftest.cpp
configure:12611: $? = 0
configure:12642: arm-arago-linux-gnueabi-g++ -E  conftest.cpp
conftest.cpp:22:28: fatal error: ac_nonexistent.h: No such file or directory
compilation terminated.
configure:12648: $? = 1
configure: failed program was:
| /* confdefs.h.  */
| #define PACKAGE_NAME ""
| #define PACKAGE_TARNAME ""
| #define PACKAGE_VERSION ""
| #define PACKAGE_STRING ""
| #define PACKAGE_BUGREPORT ""
| #define _GNU_SOURCE 1
| #define STDC_HEADERS 1
| #define HAVE_SYS_TYPES_H 1
| #define HAVE_SYS_STAT_H 1
| #define HAVE_STDLIB_H 1
| #define HAVE_STRING_H 1
| #define HAVE_MEMORY_H 1
| #define HAVE_STRINGS_H 1
| #define HAVE_INTTYPES_H 1
| #define HAVE_STDINT_H 1
| #define HAVE_UNISTD_H 1
| #define HAVE_DLFCN_H 1
| #define LT_OBJDIR ".libs/"
| #define SDL_BYTEORDER 1234
| /* end confdefs.h.  */
| #include <ac_nonexistent.h>
configure:12822: checking for ld used by arm-arago-linux-gnueabi-g++
configure:12889: result: arm-arago-linux-gnueabi-ld
configure:12898: checking if the linker (arm-arago-linux-gnueabi-ld) is GNU ld
configure:12913: result: yes
configure:12968: checking whether the arm-arago-linux-gnueabi-g++ linker (arm-arago-linux-gnueabi-ld) supports shared libraries
configure:13935: result: yes
configure:13963: arm-arago-linux-gnueabi-g++ -c -g -O2  conftest.cpp >&5
configure:13966: $? = 0

## ---------------- ##
## Cache variables. ##
## ---------------- ##

ac_cv_build=x86_64-unknown-linux-gnu
ac_cv_c_bigendian=no
ac_cv_c_compiler_gnu=yes
ac_cv_cxx_compiler_gnu=yes
ac_cv_env_CCC_set=
ac_cv_env_CCC_value=
ac_cv_env_CC_set=set
ac_cv_env_CC_value=arm-arago-linux-gnueabi-gcc
ac_cv_env_CFLAGS_set=set
ac_cv_env_CFLAGS_value='-I/opt/fem/common	'
ac_cv_env_CPPFLAGS_set=
ac_cv_env_CPPFLAGS_value=
ac_cv_env_CPP_set=
ac_cv_env_CPP_value=
ac_cv_env_CXXCPP_set=
ac_cv_env_CXXCPP_value=
ac_cv_env_CXXFLAGS_set=
ac_cv_env_CXXFLAGS_value=
ac_cv_env_CXX_set=set
ac_cv_env_CXX_value=arm-arago-linux-gnueabi-g++
ac_cv_env_LDFLAGS_set=set
ac_cv_env_LDFLAGS_value='-L/opt/fem/common -lfem'
ac_cv_env_LIBS_set=
ac_cv_env_LIBS_value=
ac_cv_env_XMKMF_set=
ac_cv_env_XMKMF_value=
ac_cv_env_build_alias_set=
ac_cv_env_build_alias_value=
ac_cv_env_host_alias_set=set
ac_cv_env_host_alias_value=arm-linux
ac_cv_env_target_alias_set=set
ac_cv_env_target_alias_value=arm-linux
ac_cv_header_dlfcn_h=yes
ac_cv_header_inttypes_h=yes
ac_cv_header_memory_h=yes
ac_cv_header_stdc=yes
ac_cv_header_stdint_h=yes
ac_cv_header_stdlib_h=yes
ac_cv_header_string_h=yes
ac_cv_header_strings_h=yes
ac_cv_header_sys_stat_h=yes
ac_cv_header_sys_types_h=yes
ac_cv_header_unistd_h=yes
ac_cv_host=arm-unknown-linux-gnu
ac_cv_objext=o
ac_cv_path_EGREP='/bin/grep -E'
ac_cv_path_FGREP='/bin/grep -F'
ac_cv_path_GREP=/bin/grep
ac_cv_path_SED=/bin/sed
ac_cv_prog_AR=arm-arago-linux-gnueabi-ar
ac_cv_prog_CC=arm-arago-linux-gnueabi-gcc
ac_cv_prog_CPP='arm-arago-linux-gnueabi-gcc -E'
ac_cv_prog_CXXCPP='arm-arago-linux-gnueabi-g++ -E'
ac_cv_prog_OBJDUMP=arm-linux-objdump
ac_cv_prog_RANLIB=arm-arago-linux-gnueabi-ranlib
ac_cv_prog_STRIP=arm-arago-linux-gnueabi-strip
ac_cv_prog_cc_c89=
ac_cv_prog_cc_g=yes
ac_cv_prog_cxx_g=yes
lt_cv_deplibs_check_method=pass_all
lt_cv_file_magic_cmd='$MAGIC_CMD'
lt_cv_file_magic_test_file=
lt_cv_ld_reload_flag=-r
lt_cv_nm_interface='BSD nm'
lt_cv_objdir=.libs
lt_cv_path_LD=arm-arago-linux-gnueabi-ld
lt_cv_path_NM=arm-arago-linux-gnueabi-nm
lt_cv_prog_compiler_c_o=yes
lt_cv_prog_compiler_pic_works=yes
lt_cv_prog_compiler_rtti_exceptions=no
lt_cv_prog_compiler_static_works=yes
lt_cv_prog_gnu_ld=yes
lt_cv_sys_global_symbol_pipe='sed -n -e '\''s/^.*[	 ]\([ABCDGIRSTW][ABCDGIRSTW]*\)[	 ][	 ]*\([_A-Za-z][_A-Za-z0-9]*\)$/\1 \2 \2/p'\'''
lt_cv_sys_global_symbol_to_c_name_address='sed -n -e '\''s/^: \([^ ]*\) $/  {\"\1\", (void *) 0},/p'\'' -e '\''s/^[ABCDGIRSTW]* \([^ ]*\) \([^ ]*\)$/  {"\2", (void *) \&\2},/p'\'''
lt_cv_sys_global_symbol_to_c_name_address_lib_prefix='sed -n -e '\''s/^: \([^ ]*\) $/  {\"\1\", (void *) 0},/p'\'' -e '\''s/^[ABCDGIRSTW]* \([^ ]*\) \(lib[^ ]*\)$/  {"\2", (void *) \&\2},/p'\'' -e '\''s/^[ABCDGIRSTW]* \([^ ]*\) \([^ ]*\)$/  {"lib\2", (void *) \&\2},/p'\'''
lt_cv_sys_global_symbol_to_cdecl='sed -n -e '\''s/^T .* \(.*\)$/extern int \1();/p'\'' -e '\''s/^[ABCDGIRSTW]* .* \(.*\)$/extern char \1;/p'\'''
lt_cv_sys_max_cmd_len=3458764513820540925

## ----------------- ##
## Output variables. ##
## ----------------- ##

ALLOCA=''
ALSA_CFLAGS=''
ALSA_LIBS=''
AR='arm-arago-linux-gnueabi-ar'
ARTSCONFIG=''
AS='arm-arago-linux-gnueabi-as'
BUILD_CFLAGS=''
BUILD_LDFLAGS=''
CACACONFIG=''
CC='arm-arago-linux-gnueabi-g++'
CFLAGS='-I/opt/fem/common	'
CPP='arm-arago-linux-gnueabi-gcc -E'
CPPFLAGS=''
CXX='arm-arago-linux-gnueabi-g++'
CXXCPP='arm-arago-linux-gnueabi-g++ -E'
CXXFLAGS='-g -O2'
DEFS=''
DIRECTFBCONFIG=''
DLLTOOL='dlltool'
DSYMUTIL=''
DUMPBIN=''
ECHO_C=''
ECHO_N='-n'
ECHO_T=''
EGREP='/bin/grep -E'
ENABLE_SHARED_FALSE=''
ENABLE_SHARED_TRUE=''
ENABLE_STATIC_FALSE=''
ENABLE_STATIC_TRUE=''
ESD_CFLAGS=''
ESD_CONFIG=''
ESD_LIBS=''
EXEEXT=''
EXTRA_CFLAGS=''
EXTRA_LDFLAGS=''
FGREP='/bin/grep -F'
GREP='/bin/grep'
INCLUDE=''
INSTALL_DATA=''
INSTALL_PROGRAM=''
INSTALL_SCRIPT=''
LD='arm-arago-linux-gnueabi-ld'
LDFLAGS='-L/opt/fem/common -lfem'
LIBOBJS=''
LIBS=''
LIBTOOL='$(SHELL) $(top_builddir)/libtool'
LIPO=''
LN_S='ln -s'
LTLIBOBJS=''
LT_AGE='11'
LT_CURRENT='11'
LT_RELEASE='1.2'
LT_REVISION='4'
NASM=''
NASMFLAGS=''
NM='arm-arago-linux-gnueabi-nm'
NMEDIT=''
OBJDUMP='arm-linux-objdump'
OBJECTS=''
OBJEXT='o'
OSMESA_CONFIG=''
OTOOL64=''
OTOOL=''
PACKAGE_BUGREPORT=''
PACKAGE_NAME=''
PACKAGE_STRING=''
PACKAGE_TARNAME=''
PACKAGE_VERSION=''
PATH_SEPARATOR=':'
PKG_CONFIG=''
POW_LIB=''
PTH_CONFIG=''
RANLIB='arm-arago-linux-gnueabi-ranlib'
SDLMAIN_LDFLAGS=''
SDLMAIN_OBJECTS=''
SDLMAIN_SOURCES=''
SDL_BINARY_AGE='15'
SDL_CFLAGS=''
SDL_INTERFACE_AGE='4'
SDL_LIBS=''
SDL_MAJOR_VERSION='1'
SDL_MICRO_VERSION='15'
SDL_MINOR_VERSION='2'
SDL_RLD_FLAGS=''
SDL_STATIC_LIBS=''
SDL_VERSION='1.2.15'
SED='/bin/sed'
SET_MAKE=''
SHELL='/bin/sh'
SOURCES=''
STRIP='arm-arago-linux-gnueabi-strip'
WINDRES=''
XMKMF=''
X_CFLAGS=''
X_EXTRA_LIBS=''
X_LIBS=''
X_PRE_LIBS=''
ac_aux_dir='build-scripts'
ac_ct_CC=''
ac_ct_CXX=''
ac_ct_DUMPBIN=''
bindir='${exec_prefix}/bin'
build='x86_64-unknown-linux-gnu'
build_alias=''
build_cpu='x86_64'
build_os='linux-gnu'
build_vendor='unknown'
datadir='${datarootdir}'
datarootdir='${prefix}/share'
docdir='${datarootdir}/doc/${PACKAGE}'
dvidir='${docdir}'
exec_prefix='NONE'
host='arm-unknown-linux-gnu'
host_alias='arm-linux'
host_cpu='arm'
host_os='linux-gnu'
host_vendor='unknown'
htmldir='${docdir}'
includedir='${prefix}/include'
infodir='${datarootdir}/info'
libdir='${exec_prefix}/lib'
libexecdir='${exec_prefix}/libexec'
localedir='${datarootdir}/locale'
localstatedir='${prefix}/var'
lt_ECHO='echo'
mandir='${datarootdir}/man'
oldincludedir='/usr/include'
pdfdir='${docdir}'
prefix='/opt/fem/AM335X/install/sdl'
program_transform_name='s,x,x,'
psdir='${docdir}'
sbindir='${exec_prefix}/sbin'
sharedstatedir='${prefix}/com'
sysconfdir='${prefix}/etc'
target_alias='arm-linux'

## ----------- ##
## confdefs.h. ##
## ----------- ##

#define PACKAGE_NAME ""
#define PACKAGE_TARNAME ""
#define PACKAGE_VERSION ""
#define PACKAGE_STRING ""
#define PACKAGE_BUGREPORT ""
#define _GNU_SOURCE 1
#define STDC_HEADERS 1
#define HAVE_SYS_TYPES_H 1
#define HAVE_SYS_STAT_H 1
#define HAVE_STDLIB_H 1
#define HAVE_STRING_H 1
#define HAVE_MEMORY_H 1
#define HAVE_STRINGS_H 1
#define HAVE_INTTYPES_H 1
#define HAVE_STDINT_H 1
#define HAVE_UNISTD_H 1
#define HAVE_DLFCN_H 1
#define LT_OBJDIR ".libs/"
#define SDL_BYTEORDER 1234

configure: caught signal 2
configure: exit 1
