This file contains any messages produced by compilers while
running configure, to aid debugging if configure makes a mistake.

It was created by tslib configure 0.0.2, which was
generated by GNU Autoconf 2.68.  Invocation command line was

  $ ./configure --host=arm-linux --prefix=/opt/fem/AM335X/install/tslib ac_cv_func_malloc_0_nonnull=yes --cache-file=arm-linux.cache CC=arm-arago-linux-gnueabi-gcc

## --------- ##
## Platform. ##
## --------- ##

hostname = QJ
uname -m = x86_64
uname -r = 3.11.0-20-generic
uname -s = Linux
uname -v = #34~precise1-Ubuntu SMP Thu Apr 3 17:25:07 UTC 2014

/usr/bin/uname -p = unknown
/bin/uname -X     = unknown

/bin/arch              = unknown
/usr/bin/arch -k       = unknown
/usr/convex/getsysinfo = unknown
/usr/bin/hostinfo      = unknown
/bin/machine           = unknown
/usr/bin/oslevel       = unknown
/bin/universe          = unknown

PATH: /usr/local/sbin
PATH: /usr/local/bin
PATH: /usr/sbin
PATH: /usr/bin
PATH: /sbin
PATH: /bin
PATH: /usr/games
PATH: /opt/cross/arm-linux/bin
PATH: /opt/cross/am335xt3/devkit/bin


## ----------- ##
## Core tests. ##
## ----------- ##

configure:2362: loading cache arm-linux.cache
configure:2492: checking for a BSD-compatible install
configure:2560: result: /usr/bin/install -c
configure:2571: checking whether build environment is sane
configure:2621: result: yes
configure:2670: checking for arm-linux-strip
configure:2697: result: arm-arago-linux-gnueabi-strip
configure:2762: checking for a thread-safe mkdir -p
configure:2801: result: /bin/mkdir -p
configure:2814: checking for gawk
configure:2841: result: mawk
configure:2852: checking whether make sets $(MAKE)
configure:2874: result: yes
configure:3081: checking for C++ compiler version
configure:3090: arm-arago-linux-gnueabi-g++ --version >&5
arm-arago-linux-gnueabi-g++ (GCC) 4.5.3 20110311 (prerelease)
Copyright (C) 2010 Free Software Foundation, Inc.
This is free software; see the source for copying conditions.  There is NO
warranty; not even for MERCHANTABILITY or FITNESS FOR A PARTICULAR PURPOSE.

configure:3101: $? = 0
configure:3090: arm-arago-linux-gnueabi-g++ -v >&5
Using built-in specs.
COLLECT_GCC=arm-arago-linux-gnueabi-g++
Target: arm-arago-linux-gnueabi
Configured with: /sim/scratch_a0850442/arago-tmp-arago/work/i686-armv7a-sdk-arago-linux-gnueabi/gcc-cross-sdk-4.5-r41.2+svnr170880/gcc-4_5-branch/configure --build=i686-linux --host=i686-linux --target=arm-arago-linux-gnueabi --prefix=/arago-2011.09/armv7a --exec_prefix=/arago-2011.09/armv7a --bindir=/arago-2011.09/armv7a/bin --sbindir=/arago-2011.09/armv7a/bin --libexecdir=/arago-2011.09/armv7a/libexec --datadir=/arago-2011.09/armv7a/share --sysconfdir=/arago-2011.09/armv7a/etc --sharedstatedir=/arago-2011.09/armv7a/share/com --localstatedir=/arago-2011.09/armv7a/var --libdir=/arago-2011.09/armv7a/lib --includedir=/arago-2011.09/armv7a/include --oldincludedir=/arago-2011.09/armv7a/include --infodir=/arago-2011.09/armv7a/share/info --mandir=/arago-2011.09/armv7a/share/man --enable-largefile --disable-nls --enable-ipv6 --with-gnu-ld --enable-shared --enable-languages=c,c++,objc,fortran --enable-threads=posix --disable-multilib --enable-c99 --enable-long-long --enable-symvers=gnu --enable-libstdcxx-pch --program-prefix=arm-arago-linux-gnueabi- --enable-target-optspace --enable-lto --enable-libssp --disable-bootstrap --disable-libgomp --disable-libmudflap --with-float=softfp --with-sysroot=/arago-2011.09/armv7a/arm-arago-linux-gnueabi --with-build-time-tools=/sim/scratch_a0850442/arago-tmp-arago/sysroots/i686-linux/usr/armv7a/arm-arago-linux-gnueabi/bin --with-build-sysroot=/sim/scratch_a0850442/arago-tmp-arago/sysroots/armv7a-arago-linux-gnueabi --disable-libunwind-exceptions --with-mpfr=/sim/scratch_a0850442/arago-tmp-arago/sysroots/i686-linux/usr --with-system-zlib --enable-__cxa_atexit
Thread model: posix
gcc version 4.5.3 20110311 (prerelease) (GCC)
configure:3101: $? = 0
configure:3090: arm-arago-linux-gnueabi-g++ -V >&5
arm-arago-linux-gnueabi-g++: '-V' option must have argument
configure:3101: $? = 1
configure:3090: arm-arago-linux-gnueabi-g++ -qversion >&5
arm-arago-linux-gnueabi-g++: unrecognized option '-qversion'
arm-arago-linux-gnueabi-g++: no input files
configure:3101: $? = 1
configure:3121: checking whether the C++ compiler works
configure:3143: arm-arago-linux-gnueabi-g++   -L/opt/fem/common -lfem conftest.cpp  >&5
configure:3147: $? = 0
configure:3195: result: yes
configure:3198: checking for C++ compiler default output file name
configure:3200: result: a.out
configure:3206: checking for suffix of executables
configure:3213: arm-arago-linux-gnueabi-g++ -o conftest   -L/opt/fem/common -lfem conftest.cpp  >&5
configure:3217: $? = 0
configure:3239: result:
configure:3261: checking whether we are cross compiling
configure:3269: arm-arago-linux-gnueabi-g++ -o conftest   -L/opt/fem/common -lfem conftest.cpp  >&5
configure:3273: $? = 0
configure:3280: ./conftest
./configure: line 3282: ./conftest: cannot execute binary file
configure:3284: $? = 126
configure:3299: result: yes
configure:3304: checking for suffix of object files
configure:3351: result: o
configure:3355: checking whether we are using the GNU C++ compiler
configure:3383: result: yes
configure:3392: checking whether arm-arago-linux-gnueabi-g++ accepts -g
configure:3453: result: yes
configure:3487: checking for style of include used by make
configure:3515: result: GNU
configure:3541: checking dependency style of arm-arago-linux-gnueabi-g++
configure:3652: result: gcc3
configure:3675: checking for arm-linux-gcc
configure:3702: result: arm-arago-linux-gnueabi-gcc
configure:3971: checking for C compiler version
configure:3980: arm-arago-linux-gnueabi-gcc --version >&5
arm-arago-linux-gnueabi-gcc (GCC) 4.5.3 20110311 (prerelease)
Copyright (C) 2010 Free Software Foundation, Inc.
This is free software; see the source for copying conditions.  There is NO
warranty; not even for MERCHANTABILITY or FITNESS FOR A PARTICULAR PURPOSE.

configure:3991: $? = 0
configure:3980: arm-arago-linux-gnueabi-gcc -v >&5
Using built-in specs.
COLLECT_GCC=arm-arago-linux-gnueabi-gcc
Target: arm-arago-linux-gnueabi
Configured with: /sim/scratch_a0850442/arago-tmp-arago/work/i686-armv7a-sdk-arago-linux-gnueabi/gcc-cross-sdk-4.5-r41.2+svnr170880/gcc-4_5-branch/configure --build=i686-linux --host=i686-linux --target=arm-arago-linux-gnueabi --prefix=/arago-2011.09/armv7a --exec_prefix=/arago-2011.09/armv7a --bindir=/arago-2011.09/armv7a/bin --sbindir=/arago-2011.09/armv7a/bin --libexecdir=/arago-2011.09/armv7a/libexec --datadir=/arago-2011.09/armv7a/share --sysconfdir=/arago-2011.09/armv7a/etc --sharedstatedir=/arago-2011.09/armv7a/share/com --localstatedir=/arago-2011.09/armv7a/var --libdir=/arago-2011.09/armv7a/lib --includedir=/arago-2011.09/armv7a/include --oldincludedir=/arago-2011.09/armv7a/include --infodir=/arago-2011.09/armv7a/share/info --mandir=/arago-2011.09/armv7a/share/man --enable-largefile --disable-nls --enable-ipv6 --with-gnu-ld --enable-shared --enable-languages=c,c++,objc,fortran --enable-threads=posix --disable-multilib --enable-c99 --enable-long-long --enable-symvers=gnu --enable-libstdcxx-pch --program-prefix=arm-arago-linux-gnueabi- --enable-target-optspace --enable-lto --enable-libssp --disable-bootstrap --disable-libgomp --disable-libmudflap --with-float=softfp --with-sysroot=/arago-2011.09/armv7a/arm-arago-linux-gnueabi --with-build-time-tools=/sim/scratch_a0850442/arago-tmp-arago/sysroots/i686-linux/usr/armv7a/arm-arago-linux-gnueabi/bin --with-build-sysroot=/sim/scratch_a0850442/arago-tmp-arago/sysroots/armv7a-arago-linux-gnueabi --disable-libunwind-exceptions --with-mpfr=/sim/scratch_a0850442/arago-tmp-arago/sysroots/i686-linux/usr --with-system-zlib --enable-__cxa_atexit
Thread model: posix
gcc version 4.5.3 20110311 (prerelease) (GCC)
configure:3991: $? = 0
configure:3980: arm-arago-linux-gnueabi-gcc -V >&5
arm-arago-linux-gnueabi-gcc: '-V' option must have argument
configure:3991: $? = 1
configure:3980: arm-arago-linux-gnueabi-gcc -qversion >&5
arm-arago-linux-gnueabi-gcc: unrecognized option '-qversion'
arm-arago-linux-gnueabi-gcc: no input files
configure:3991: $? = 1
configure:3995: checking whether we are using the GNU C compiler
configure:4023: result: yes
configure:4032: checking whether arm-arago-linux-gnueabi-gcc accepts -g
configure:4093: result: yes
configure:4110: checking for arm-arago-linux-gnueabi-gcc option to accept ISO C89
configure:4187: result: none needed
configure:4209: checking dependency style of arm-arago-linux-gnueabi-gcc
configure:4320: result: gcc3
configure:4340: checking how to run the C preprocessor
configure:4410: result: arm-arago-linux-gnueabi-gcc -E
configure:4430: arm-arago-linux-gnueabi-gcc -E  conftest.c
configure:4430: $? = 0
configure:4444: arm-arago-linux-gnueabi-gcc -E  conftest.c
conftest.c:11:28: fatal error: ac_nonexistent.h: No such file or directory
compilation terminated.
configure:4444: $? = 1
configure: failed program was:
| /* confdefs.h */
| #define PACKAGE_NAME "tslib"
| #define PACKAGE_TARNAME "tslib"
| #define PACKAGE_VERSION "0.0.2"
| #define PACKAGE_STRING "tslib 0.0.2"
| #define PACKAGE_BUGREPORT "kergoth@handhelds.org"
| #define PACKAGE_URL ""
| #define PACKAGE "tslib"
| #define VERSION "0.0.2"
| /* end confdefs.h.  */
| #include <ac_nonexistent.h>
configure:4476: checking whether the C compiler supports -fvisibility=hidden
configure:4501: result: yes
configure:4509: checking whether to use -fvisibility=hidden
configure:4522: result: yes
configure:4532: checking whether ln -s works
configure:4536: result: yes
configure:4543: checking whether make sets $(MAKE)
configure:4565: result: yes
configure:4669: checking build system type
configure:4683: result: x86_64-unknown-linux-gnu
configure:4703: checking host system type
configure:4716: result: arm-unknown-linux-gnu
configure:4757: checking how to print strings
configure:4784: result: printf
configure:4805: checking for a sed that does not truncate output
configure:4869: result: /bin/sed
configure:4887: checking for grep that handles long lines and -e
configure:4945: result: /bin/grep
configure:4950: checking for egrep
configure:5012: result: /bin/grep -E
configure:5017: checking for fgrep
configure:5079: result: /bin/grep -F
configure:5114: checking for ld used by arm-arago-linux-gnueabi-gcc
configure:5181: result: arm-arago-linux-gnueabi-ld
configure:5188: checking if the linker (arm-arago-linux-gnueabi-ld) is GNU ld
configure:5203: result: yes
configure:5215: checking for BSD- or MS-compatible name lister (nm)
configure:5264: result: arm-arago-linux-gnueabi-nm
configure:5394: checking the name lister (arm-arago-linux-gnueabi-nm) interface
configure:5414: result: BSD nm
configure:5418: checking the maximum length of command line arguments
configure:5548: result: 3458764513820540925
configure:5565: checking whether the shell understands some XSI constructs
configure:5575: result: yes
configure:5579: checking whether the shell understands "+="
configure:5585: result: yes
configure:5620: checking how to convert x86_64-unknown-linux-gnu file names to arm-unknown-linux-gnu format
configure:5660: result: func_convert_file_noop
configure:5667: checking how to convert x86_64-unknown-linux-gnu file names to toolchain format
configure:5687: result: func_convert_file_noop
configure:5694: checking for arm-arago-linux-gnueabi-ld option to reload object files
configure:5701: result: -r
configure:5735: checking for arm-linux-objdump
configure:5762: result: arm-linux-objdump
configure:5834: checking how to recognize dependent libraries
configure:6036: result: pass_all
configure:6081: checking for arm-linux-dlltool
configure:6111: result: no
configure:6121: checking for dlltool
configure:6151: result: no
configure:6181: checking how to associate runtime and link libraries
configure:6208: result: printf %s\n
configure:6224: checking for arm-linux-ar
configure:6251: result: arm-arago-linux-gnueabi-ar
configure:6332: checking for archiver @FILE support
configure:6375: result: @
configure:6393: checking for arm-linux-strip
configure:6420: result: arm-arago-linux-gnueabi-strip
configure:6492: checking for arm-linux-ranlib
configure:6519: result: arm-arago-linux-gnueabi-ranlib
configure:6661: checking command to parse arm-arago-linux-gnueabi-nm output from arm-arago-linux-gnueabi-gcc object
configure:6898: result: ok
configure:6935: checking for sysroot
configure:6965: result: no
configure:7181: checking for arm-linux-mt
configure:7211: result: no
configure:7221: checking for mt
configure:7248: result: mt
configure:7260: WARNING: using cross tools not prefixed with host triplet
configure:7271: checking if mt is a manifest tool
configure:7285: result: no
configure:7923: checking for ANSI C header files
configure:8027: result: yes
configure:8040: checking for sys/types.h
configure:8040: result: yes
configure:8040: checking for sys/stat.h
configure:8040: result: yes
configure:8040: checking for stdlib.h
configure:8040: result: yes
configure:8040: checking for string.h
configure:8040: result: yes
configure:8040: checking for memory.h
configure:8040: result: yes
configure:8040: checking for strings.h
configure:8040: result: yes
configure:8040: checking for inttypes.h
configure:8040: result: yes
configure:8040: checking for stdint.h
configure:8040: result: yes
configure:8040: checking for unistd.h
configure:8040: result: yes
configure:8054: checking for dlfcn.h
configure:8054: result: yes
configure:8209: checking for objdir
configure:8224: result: .libs
configure:8495: checking if arm-arago-linux-gnueabi-gcc supports -fno-rtti -fno-exceptions
configure:8530: result: no
configure:8857: checking for arm-arago-linux-gnueabi-gcc option to produce PIC
configure:8864: result: -fPIC -DPIC
configure:8872: checking if arm-arago-linux-gnueabi-gcc PIC flag -fPIC -DPIC works
configure:8907: result: yes
configure:8936: checking if arm-arago-linux-gnueabi-gcc static flag -static works
configure:8964: result: yes
configure:8979: checking if arm-arago-linux-gnueabi-gcc supports -c -o file.o
configure:9026: result: yes
configure:9034: checking if arm-arago-linux-gnueabi-gcc supports -c -o file.o
configure:9081: result: yes
configure:9114: checking whether the arm-arago-linux-gnueabi-gcc linker (arm-arago-linux-gnueabi-ld) supports shared libraries
configure:10271: result: yes
configure:10308: checking whether -lc should be explicitly linked in
configure:10351: result: no
configure:10511: checking dynamic linker characteristics
configure:11256: result: GNU/Linux ld.so
configure:11363: checking how to hardcode library paths into programs
configure:11388: result: immediate
configure:11482: checking for shl_load
configure:11482: result: no
configure:11486: checking for shl_load in -ldld
configure:11520: result: no
configure:11525: checking for dlopen
configure:11525: result: no
configure:11529: checking for dlopen in -ldl
configure:11563: result: yes
configure:11682: checking whether a program can dlopen itself
configure:11783: result: cross
configure:11928: checking whether stripping libraries is possible
configure:11933: result: yes
configure:11968: checking if libtool supports shared libraries
configure:11970: result: yes
configure:11973: checking whether to build shared libraries
configure:11994: result: yes
configure:11997: checking whether to build static libraries
configure:12001: result: no
configure:12024: checking how to run the C++ preprocessor
configure:12090: result: arm-arago-linux-gnueabi-g++ -E
configure:12110: arm-arago-linux-gnueabi-g++ -E  conftest.cpp
configure:12110: $? = 0
configure:12124: arm-arago-linux-gnueabi-g++ -E  conftest.cpp
conftest.cpp:23:28: fatal error: ac_nonexistent.h: No such file or directory
compilation terminated.
configure:12124: $? = 1
configure: failed program was:
| /* confdefs.h */
| #define PACKAGE_NAME "tslib"
| #define PACKAGE_TARNAME "tslib"
| #define PACKAGE_VERSION "0.0.2"
| #define PACKAGE_STRING "tslib 0.0.2"
| #define PACKAGE_BUGREPORT "kergoth@handhelds.org"
| #define PACKAGE_URL ""
| #define PACKAGE "tslib"
| #define VERSION "0.0.2"
| #define STDC_HEADERS 1
| #define HAVE_SYS_TYPES_H 1
| #define HAVE_SYS_STAT_H 1
| #define HAVE_STDLIB_H 1
| #define HAVE_STRING_H 1
| #define HAVE_MEMORY_H 1
| #define HAVE_STRINGS_H 1
| #define HAVE_INTTYPES_H 1
| #define HAVE_STDINT_H 1
| #define HAVE_UNISTD_H 1
| #define HAVE_DLFCN_H 1
| #define LT_OBJDIR ".libs/"
| /* end confdefs.h.  */
| #include <ac_nonexistent.h>
configure:12293: checking for ld used by arm-arago-linux-gnueabi-g++
configure:12360: result: arm-arago-linux-gnueabi-ld
configure:12367: checking if the linker (arm-arago-linux-gnueabi-ld) is GNU ld
configure:12382: result: yes
configure:12437: checking whether the arm-arago-linux-gnueabi-g++ linker (arm-arago-linux-gnueabi-ld) supports shared libraries
configure:13442: result: yes
configure:13478: arm-arago-linux-gnueabi-g++ -c -g -O2  conftest.cpp >&5
configure:13481: $? = 0
configure:14001: checking for arm-arago-linux-gnueabi-g++ option to produce PIC
configure:14008: result: -fPIC -DPIC
configure:14016: checking if arm-arago-linux-gnueabi-g++ PIC flag -fPIC -DPIC works
configure:14051: result: yes
configure:14074: checking if arm-arago-linux-gnueabi-g++ static flag -static works
configure:14102: result: yes
configure:14114: checking if arm-arago-linux-gnueabi-g++ supports -c -o file.o
configure:14161: result: yes
configure:14166: checking if arm-arago-linux-gnueabi-g++ supports -c -o file.o
configure:14213: result: yes
configure:14243: checking whether the arm-arago-linux-gnueabi-g++ linker (arm-arago-linux-gnueabi-ld) supports shared libraries
configure:14282: result: yes
configure:14423: checking dynamic linker characteristics
configure:15102: result: GNU/Linux ld.so
configure:15155: checking how to hardcode library paths into programs
configure:15180: result: immediate
configure:15243: checking for dlopen in -ldl
configure:15277: result: yes
configure:15290: checking for size_t
configure:15290: result: yes
configure:15303: checking for working alloca.h
configure:15328: result: yes
configure:15336: checking for alloca
configure:15381: result: yes
configure:15490: checking for ANSI C header files
configure:15594: result: yes
configure:15605: checking for fcntl.h
configure:15605: result: yes
configure:15605: checking for limits.h
configure:15605: result: yes
configure:15605: checking for stdlib.h
configure:15605: result: yes
configure:15605: checking for string.h
configure:15605: result: yes
configure:15605: checking for sys/ioctl.h
configure:15605: result: yes
configure:15605: checking for sys/time.h
configure:15605: result: yes
configure:15605: checking for unistd.h
configure:15605: result: yes
configure:15617: checking for an ANSI C-conforming const
configure:15689: result: yes
configure:15697: checking for inline
configure:15721: result: inline
configure:15739: checking for size_t
configure:15739: result: yes
configure:15750: checking whether time.h and sys/time.h may both be included
configure:15777: result: yes
configure:15788: checking whether arm-arago-linux-gnueabi-gcc needs -traditional
configure:15822: result: no
configure:15831: checking for stdlib.h
configure:15831: result: yes
configure:15841: checking for GNU libc compatible malloc
configure:15875: result: yes
configure:15902: checking for stdlib.h
configure:15902: result: yes
configure:15902: checking for unistd.h
configure:15902: result: yes
configure:15902: checking for sys/param.h
configure:15902: result: yes
configure:15922: checking for getpagesize
configure:15922: result: yes
configure:15931: checking for working mmap
configure:16088: result: no
configure:16100: checking for sys/select.h
configure:16100: result: yes
configure:16100: checking for sys/socket.h
configure:16100: result: yes
configure:16110: checking types of arguments for select
configure:16149: result: int,fd_set *,struct timeval *
configure:16172: checking return type of signal handlers
configure:16197: result: void
configure:16205: checking whether lstat correctly handles trailing slash
configure:16248: result: no
configure:16267: checking whether stat accepts an empty string
configure:16297: result: yes
configure:16315: checking for vprintf
configure:16315: result: yes
configure:16321: checking for _doprnt
configure:16321: result: no
configure:16335: checking for bzero
configure:16335: result: yes
configure:16335: checking for gettimeofday
configure:16335: result: yes
configure:16335: checking for memmove
configure:16335: result: yes
configure:16335: checking for memset
configure:16335: result: yes
configure:16335: checking for munmap
configure:16335: result: yes
configure:16335: checking for select
configure:16335: result: yes
configure:16335: checking for strcasecmp
configure:16335: result: yes
configure:16335: checking for strchr
configure:16335: result: yes
configure:16335: checking for strdup
configure:16335: result: yes
configure:16335: checking for strtoul
configure:16335: result: yes
configure:16346: checking whether linear modules is requested
configure:16355: result: yes
configure:16366: checking whether dejitter module is requested
configure:16375: result: yes
configure:16386: checking whether linear-h2200 module is requested
configure:16395: result: yes
configure:16406: checking whether variance module is requested
configure:16415: result: yes
configure:16426: checking whether pthres module is requested
configure:16435: result: yes
configure:16448: checking whether ucb1x00 module is requested
configure:16457: result: yes
configure:16468: checking whether corgi module is requested
configure:16477: result: yes
configure:16488: checking whether collie module is requested
configure:16497: result: yes
configure:16509: checking whether h3600 module is requested
configure:16518: result: yes
configure:16529: checking whether mk712 module is requested
configure:16538: result: yes
configure:16549: checking whether arctic2 module is requested
configure:16558: result: yes
configure:16569: checking whether input module is requested
configure:16578: result: yes
configure:16589: checking where to place modules
configure:16599: result: ${libdir}/ts/
configure:16603: checking whether to enable debugging
configure:16612: result: no
configure:16821: creating ./config.status

## ---------------------- ##
## Running config.status. ##
## ---------------------- ##

This file was extended by tslib config.status 0.0.2, which was
generated by GNU Autoconf 2.68.  Invocation command line was

  CONFIG_FILES    =
  CONFIG_HEADERS  =
  CONFIG_LINKS    =
  CONFIG_COMMANDS =
  $ ./config.status

on QJ

config.status:1227: creating Makefile
config.status:1227: creating etc/Makefile
config.status:1227: creating plugins/Makefile
config.status:1227: creating src/Makefile
config.status:1227: creating tests/Makefile
config.status:1227: creating tslib-0.0.pc
config.status:1227: creating config.h
config.status:1408: config.h is unchanged
config.status:1456: executing depfiles commands
config.status:1456: executing libtool commands

## ---------------- ##
## Cache variables. ##
## ---------------- ##

ac_cv_build=x86_64-unknown-linux-gnu
ac_cv_c_compiler_gnu=yes
ac_cv_c_const=yes
ac_cv_c_inline=inline
ac_cv_cxx_compiler_gnu=yes
ac_cv_env_CCC_set=
ac_cv_env_CCC_value=
ac_cv_env_CC_set=set
ac_cv_env_CC_value=arm-arago-linux-gnueabi-gcc
ac_cv_env_CFLAGS_set=set
ac_cv_env_CFLAGS_value='-I/opt/fem/common	'
ac_cv_env_CPPFLAGS_set=
ac_cv_env_CPPFLAGS_value=
ac_cv_env_CPP_set=
ac_cv_env_CPP_value=
ac_cv_env_CXXCPP_set=
ac_cv_env_CXXCPP_value=
ac_cv_env_CXXFLAGS_set=
ac_cv_env_CXXFLAGS_value=
ac_cv_env_CXX_set=set
ac_cv_env_CXX_value=arm-arago-linux-gnueabi-g++
ac_cv_env_LDFLAGS_set=set
ac_cv_env_LDFLAGS_value='-L/opt/fem/common -lfem'
ac_cv_env_LIBS_set=
ac_cv_env_LIBS_value=
ac_cv_env_build_alias_set=
ac_cv_env_build_alias_value=
ac_cv_env_host_alias_set=set
ac_cv_env_host_alias_value=arm-linux
ac_cv_env_target_alias_set=
ac_cv_env_target_alias_value=
ac_cv_func__doprnt=no
ac_cv_func_alloca_works=yes
ac_cv_func_bzero=yes
ac_cv_func_dlopen=no
ac_cv_func_getpagesize=yes
ac_cv_func_gettimeofday=yes
ac_cv_func_lstat_dereferences_slashed_symlink=no
ac_cv_func_malloc_0_nonnull=yes
ac_cv_func_memmove=yes
ac_cv_func_memset=yes
ac_cv_func_mmap_fixed_mapped=no
ac_cv_func_munmap=yes
ac_cv_func_select=yes
ac_cv_func_select_args='int,fd_set *,struct timeval *'
ac_cv_func_shl_load=no
ac_cv_func_stat_empty_string_bug=yes
ac_cv_func_strcasecmp=yes
ac_cv_func_strchr=yes
ac_cv_func_strdup=yes
ac_cv_func_strtoul=yes
ac_cv_func_vprintf=yes
ac_cv_header_dlfcn_h=yes
ac_cv_header_fcntl_h=yes
ac_cv_header_inttypes_h=yes
ac_cv_header_limits_h=yes
ac_cv_header_memory_h=yes
ac_cv_header_stdc=yes
ac_cv_header_stdint_h=yes
ac_cv_header_stdlib_h=yes
ac_cv_header_string_h=yes
ac_cv_header_strings_h=yes
ac_cv_header_sys_ioctl_h=yes
ac_cv_header_sys_param_h=yes
ac_cv_header_sys_select_h=yes
ac_cv_header_sys_socket_h=yes
ac_cv_header_sys_stat_h=yes
ac_cv_header_sys_time_h=yes
ac_cv_header_sys_types_h=yes
ac_cv_header_time=yes
ac_cv_header_unistd_h=yes
ac_cv_host=arm-unknown-linux-gnu
ac_cv_lib_dl_dlopen=yes
ac_cv_lib_dld_shl_load=no
ac_cv_objext=o
ac_cv_path_EGREP='/bin/grep -E'
ac_cv_path_FGREP='/bin/grep -F'
ac_cv_path_GREP=/bin/grep
ac_cv_path_SED=/bin/sed
ac_cv_path_install='/usr/bin/install -c'
ac_cv_path_mkdir=/bin/mkdir
ac_cv_prog_AR=arm-arago-linux-gnueabi-ar
ac_cv_prog_AWK=mawk
ac_cv_prog_CC=arm-arago-linux-gnueabi-gcc
ac_cv_prog_CPP='arm-arago-linux-gnueabi-gcc -E'
ac_cv_prog_CXXCPP='arm-arago-linux-gnueabi-g++ -E'
ac_cv_prog_OBJDUMP=arm-linux-objdump
ac_cv_prog_RANLIB=arm-arago-linux-gnueabi-ranlib
ac_cv_prog_STRIP=arm-arago-linux-gnueabi-strip
ac_cv_prog_ac_ct_MANIFEST_TOOL=mt
ac_cv_prog_cc_c89=
ac_cv_prog_cc_g=yes
ac_cv_prog_cxx_g=yes
ac_cv_prog_gcc_traditional=no
ac_cv_prog_make_make_set=yes
ac_cv_type_signal=void
ac_cv_type_size_t=yes
ac_cv_working_alloca_h=yes
am_cv_CC_dependencies_compiler_type=gcc3
am_cv_CXX_dependencies_compiler_type=gcc3
bb_cv_cc_supports_hidden_visibility=yes
lt_cv_ar_at_file=@
lt_cv_archive_cmds_need_lc=no
lt_cv_deplibs_check_method=pass_all
lt_cv_dlopen=dlopen
lt_cv_dlopen_libs=-ldl
lt_cv_dlopen_self=cross
lt_cv_file_magic_cmd='$MAGIC_CMD'
lt_cv_file_magic_test_file=
lt_cv_ld_reload_flag=-r
lt_cv_nm_interface='BSD nm'
lt_cv_objdir=.libs
lt_cv_path_LD=arm-arago-linux-gnueabi-ld
lt_cv_path_LDCXX=arm-arago-linux-gnueabi-ld
lt_cv_path_NM=arm-arago-linux-gnueabi-nm
lt_cv_path_mainfest_tool=no
lt_cv_prog_compiler_c_o=yes
lt_cv_prog_compiler_c_o_CXX=yes
lt_cv_prog_compiler_pic='-fPIC -DPIC'
lt_cv_prog_compiler_pic_CXX='-fPIC -DPIC'
lt_cv_prog_compiler_pic_works=yes
lt_cv_prog_compiler_pic_works_CXX=yes
lt_cv_prog_compiler_rtti_exceptions=no
lt_cv_prog_compiler_static_works=yes
lt_cv_prog_compiler_static_works_CXX=yes
lt_cv_prog_gnu_ld=yes
lt_cv_prog_gnu_ldcxx=yes
lt_cv_sharedlib_from_linklib_cmd='printf %s\n'
lt_cv_shlibpath_overrides_runpath=no
lt_cv_sys_global_symbol_pipe='sed -n -e '\''s/^.*[	 ]\([ABCDGIRSTW][ABCDGIRSTW]*\)[	 ][	 ]*\([_A-Za-z][_A-Za-z0-9]*\)$/\1 \2 \2/p'\'' | sed '\''/ __gnu_lto/d'\'''
lt_cv_sys_global_symbol_to_c_name_address='sed -n -e '\''s/^: \([^ ]*\)[ ]*$/  {\"\1\", (void *) 0},/p'\'' -e '\''s/^[ABCDGIRSTW]* \([^ ]*\) \([^ ]*\)$/  {"\2", (void *) \&\2},/p'\'''
lt_cv_sys_global_symbol_to_c_name_address_lib_prefix='sed -n -e '\''s/^: \([^ ]*\)[ ]*$/  {\"\1\", (void *) 0},/p'\'' -e '\''s/^[ABCDGIRSTW]* \([^ ]*\) \(lib[^ ]*\)$/  {"\2", (void *) \&\2},/p'\'' -e '\''s/^[ABCDGIRSTW]* \([^ ]*\) \([^ ]*\)$/  {"lib\2", (void *) \&\2},/p'\'''
lt_cv_sys_global_symbol_to_cdecl='sed -n -e '\''s/^T .* \(.*\)$/extern int \1();/p'\'' -e '\''s/^[ABCDGIRSTW]* .* \(.*\)$/extern char \1;/p'\'''
lt_cv_sys_max_cmd_len=3458764513820540925
lt_cv_to_host_file_cmd=func_convert_file_noop
lt_cv_to_tool_file_cmd=func_convert_file_noop

## ----------------- ##
## Output variables. ##
## ----------------- ##

ACLOCAL='${SHELL} /opt/fem/tslib/missing --run aclocal-1.11'
ALLOCA=''
AMDEPBACKSLASH='\'
AMDEP_FALSE='#'
AMDEP_TRUE=''
AMTAR='$${TAR-tar}'
AR='arm-arago-linux-gnueabi-ar'
AUTOCONF='${SHELL} /opt/fem/tslib/missing --run autoconf'
AUTOHEADER='${SHELL} /opt/fem/tslib/missing --run autoheader'
AUTOMAKE='${SHELL} /opt/fem/tslib/missing --run automake-1.11'
AWK='mawk'
CC='arm-arago-linux-gnueabi-gcc'
CCDEPMODE='depmode=gcc3'
CFLAGS='-DGCC_HASCLASSVISIBILITY -I/opt/fem/common	'
CPP='arm-arago-linux-gnueabi-gcc -E'
CPPFLAGS=''
CXX='arm-arago-linux-gnueabi-g++'
CXXCPP='arm-arago-linux-gnueabi-g++ -E'
CXXDEPMODE='depmode=gcc3'
CXXFLAGS='-g -O2'
CYGPATH_W='echo'
DEBUGFLAGS=''
DEFS='-DHAVE_CONFIG_H'
DEPDIR='.deps'
DLLTOOL='false'
DSYMUTIL=''
DUMPBIN=''
ECHO_C=''
ECHO_N='-n'
ECHO_T=''
EGREP='/bin/grep -E'
ENABLE_ARCTIC2_MODULE_FALSE='#'
ENABLE_ARCTIC2_MODULE_TRUE=''
ENABLE_COLLIE_MODULE_FALSE='#'
ENABLE_COLLIE_MODULE_TRUE=''
ENABLE_CORGI_MODULE_FALSE='#'
ENABLE_CORGI_MODULE_TRUE=''
ENABLE_DEJITTER_MODULE_FALSE='#'
ENABLE_DEJITTER_MODULE_TRUE=''
ENABLE_H2200_LINEAR_MODULE_FALSE='#'
ENABLE_H2200_LINEAR_MODULE_TRUE=''
ENABLE_H3600_MODULE_FALSE='#'
ENABLE_H3600_MODULE_TRUE=''
ENABLE_INPUT_MODULE_FALSE='#'
ENABLE_INPUT_MODULE_TRUE=''
ENABLE_LINEAR_MODULE_FALSE='#'
ENABLE_LINEAR_MODULE_TRUE=''
ENABLE_MK712_MODULE_FALSE='#'
ENABLE_MK712_MODULE_TRUE=''
ENABLE_PTHRES_MODULE_FALSE='#'
ENABLE_PTHRES_MODULE_TRUE=''
ENABLE_UCB1X00_MODULE_FALSE='#'
ENABLE_UCB1X00_MODULE_TRUE=''
ENABLE_VARIANCE_MODULE_FALSE='#'
ENABLE_VARIANCE_MODULE_TRUE=''
EXEEXT=''
FGREP='/bin/grep -F'
GREP='/bin/grep'
INSTALL_DATA='${INSTALL} -m 644'
INSTALL_PROGRAM='${INSTALL}'
INSTALL_SCRIPT='${INSTALL}'
INSTALL_STRIP_PROGRAM='$(install_sh) -c -s'
LD='arm-arago-linux-gnueabi-ld'
LDFLAGS='-L/opt/fem/common -lfem'
LIBFLAGS='-DTSLIB_INTERNAL'
LIBOBJS=' ${LIBOBJDIR}lstat$U.o ${LIBOBJDIR}stat$U.o'
LIBS='-ldl '
LIBTOOL='$(SHELL) $(top_builddir)/libtool'
LIPO=''
LN_S='ln -s'
LTLIBOBJS=' ${LIBOBJDIR}lstat$U.lo ${LIBOBJDIR}stat$U.lo'
LT_AGE='1'
LT_CURRENT='1'
LT_RELEASE='0.0'
LT_REVISION='1'
MAKEINFO='${SHELL} /opt/fem/tslib/missing --run makeinfo'
MANIFEST_TOOL=':'
MKDIR_P='/bin/mkdir -p'
NM='arm-arago-linux-gnueabi-nm'
NMEDIT=''
OBJDUMP='arm-linux-objdump'
OBJEXT='o'
OTOOL64=''
OTOOL=''
PACKAGE='tslib'
PACKAGE_BUGREPORT='kergoth@handhelds.org'
PACKAGE_DESCRIPTION='Touchscreen Access Library'
PACKAGE_NAME='tslib'
PACKAGE_STRING='tslib 0.0.2'
PACKAGE_TARNAME='tslib'
PACKAGE_URL=''
PACKAGE_VERSION='0.0.2'
PATH_SEPARATOR=':'
PLUGIN_DIR='${libdir}/ts/'
RANLIB='arm-arago-linux-gnueabi-ranlib'
SED='/bin/sed'
SET_MAKE=''
SHELL='/bin/sh'
STRIP='arm-arago-linux-gnueabi-strip'
TS_CONF='${sysconfdir}/ts.conf'
VERSION='0.0.2'
VIS_CFLAGS='-fvisibility=hidden'
ac_ct_AR=''
ac_ct_CC=''
ac_ct_CXX=''
ac_ct_DUMPBIN=''
am__EXEEXT_FALSE=''
am__EXEEXT_TRUE='#'
am__fastdepCC_FALSE='#'
am__fastdepCC_TRUE=''
am__fastdepCXX_FALSE='#'
am__fastdepCXX_TRUE=''
am__include='include'
am__isrc=''
am__leading_dot='.'
am__nodep='_no'
am__quote=''
am__tar='$${TAR-tar} chof - "$$tardir"'
am__untar='$${TAR-tar} xf -'
bindir='${exec_prefix}/bin'
build='x86_64-unknown-linux-gnu'
build_alias=''
build_cpu='x86_64'
build_os='linux-gnu'
build_vendor='unknown'
datadir='${datarootdir}'
datarootdir='${prefix}/share'
docdir='${datarootdir}/doc/${PACKAGE_TARNAME}'
dvidir='${docdir}'
exec_prefix='${prefix}'
host='arm-unknown-linux-gnu'
host_alias='arm-linux'
host_cpu='arm'
host_os='linux-gnu'
host_vendor='unknown'
htmldir='${docdir}'
includedir='${prefix}/include'
infodir='${datarootdir}/info'
install_sh='${SHELL} /opt/fem/tslib/install-sh'
libdir='${exec_prefix}/lib'
libexecdir='${exec_prefix}/libexec'
localedir='${datarootdir}/locale'
localstatedir='${prefix}/var'
mandir='${datarootdir}/man'
mkdir_p='/bin/mkdir -p'
oldincludedir='/usr/include'
pdfdir='${docdir}'
prefix='/opt/fem/AM335X/install/tslib'
program_transform_name='s,x,x,'
psdir='${docdir}'
sbindir='${exec_prefix}/sbin'
sharedstatedir='${prefix}/com'
sysconfdir='${prefix}/etc'
target_alias=''

## ----------- ##
## confdefs.h. ##
## ----------- ##

/* confdefs.h */
#define PACKAGE_NAME "tslib"
#define PACKAGE_TARNAME "tslib"
#define PACKAGE_VERSION "0.0.2"
#define PACKAGE_STRING "tslib 0.0.2"
#define PACKAGE_BUGREPORT "kergoth@handhelds.org"
#define PACKAGE_URL ""
#define PACKAGE "tslib"
#define VERSION "0.0.2"
#define STDC_HEADERS 1
#define HAVE_SYS_TYPES_H 1
#define HAVE_SYS_STAT_H 1
#define HAVE_STDLIB_H 1
#define HAVE_STRING_H 1
#define HAVE_MEMORY_H 1
#define HAVE_STRINGS_H 1
#define HAVE_INTTYPES_H 1
#define HAVE_STDINT_H 1
#define HAVE_UNISTD_H 1
#define HAVE_DLFCN_H 1
#define LT_OBJDIR ".libs/"
#define HAVE_LIBDL 1
#define HAVE_ALLOCA_H 1
#define HAVE_ALLOCA 1
#define STDC_HEADERS 1
#define HAVE_FCNTL_H 1
#define HAVE_LIMITS_H 1
#define HAVE_STDLIB_H 1
#define HAVE_STRING_H 1
#define HAVE_SYS_IOCTL_H 1
#define HAVE_SYS_TIME_H 1
#define HAVE_UNISTD_H 1
#define TIME_WITH_SYS_TIME 1
#define HAVE_STDLIB_H 1
#define HAVE_MALLOC 1
#define HAVE_STDLIB_H 1
#define HAVE_UNISTD_H 1
#define HAVE_SYS_PARAM_H 1
#define HAVE_GETPAGESIZE 1
#define HAVE_SYS_SELECT_H 1
#define HAVE_SYS_SOCKET_H 1
#define SELECT_TYPE_ARG1 int
#define SELECT_TYPE_ARG234 (fd_set *)
#define SELECT_TYPE_ARG5 (struct timeval *)
#define RETSIGTYPE void
#define HAVE_STAT_EMPTY_STRING_BUG 1
#define HAVE_VPRINTF 1
#define HAVE_BZERO 1
#define HAVE_GETTIMEOFDAY 1
#define HAVE_MEMMOVE 1
#define HAVE_MEMSET 1
#define HAVE_MUNMAP 1
#define HAVE_SELECT 1
#define HAVE_STRCASECMP 1
#define HAVE_STRCHR 1
#define HAVE_STRDUP 1
#define HAVE_STRTOUL 1

configure: exit 0
